<?xml version="1.0" encoding="UTF-8"?>
<!-- Generated by org.testng.reporters.JUnitReportReporter -->
<testsuite hostname="sapc011" name="my.samples.myJenkinsTrainingTest" tests="3" failures="0" timestamp="19 Jul 2016 14:50:52 GMT" time="17.498" errors="0">
  <testcase name="method" time="6.062" classname="my.samples.myJenkinsTrainingTest"/>
  <testcase name="method" time="5.673" classname="my.samples.myJenkinsTrainingTest"/>
  <testcase name="method" time="5.763" classname="my.samples.myJenkinsTrainingTest"/>
</testsuite> <!-- my.samples.myJenkinsTrainingTest -->
